<?xml version="1.0" encoding="UTF-8"?>
<testsuite xmlns:xsi="http://www.w3.org/2001/XMLSchema-instance" xsi:schemaLocation="https://maven.apache.org/surefire/maven-surefire-plugin/xsd/surefire-test-report.xsd" name="StepDef.RunnerClass" time="251.2" tests="60" errors="0" skipped="0" failures="0">
  <properties>
    <property name="java.runtime.name" value="Java(TM) SE Runtime Environment"/>
    <property name="sun.boot.library.path" value="C:\Program Files\Java\jdk1.8.0_121\jre\bin"/>
    <property name="java.vm.version" value="25.121-b13"/>
    <property name="java.vm.vendor" value="Oracle Corporation"/>
    <property name="maven.multiModuleProjectDirectory" value="C:\Users\user\IdeaProjects\SeleniumBDDTraining"/>
    <property name="java.vendor.url" value="http://java.oracle.com/"/>
    <property name="path.separator" value=";"/>
    <property name="guice.disable.misplaced.annotation.check" value="true"/>
    <property name="java.vm.name" value="Java HotSpot(TM) 64-Bit Server VM"/>
    <property name="file.encoding.pkg" value="sun.io"/>
    <property name="user.script" value=""/>
    <property name="user.country" value="GB"/>
    <property name="sun.java.launcher" value="SUN_STANDARD"/>
    <property name="sun.os.patch.level" value=""/>
    <property name="java.vm.specification.name" value="Java Virtual Machine Specification"/>
    <property name="user.dir" value="C:\Users\user\IdeaProjects\SeleniumBDDTraining"/>
    <property name="java.runtime.version" value="1.8.0_121-b13"/>
    <property name="java.awt.graphicsenv" value="sun.awt.Win32GraphicsEnvironment"/>
    <property name="java.endorsed.dirs" value="C:\Program Files\Java\jdk1.8.0_121\jre\lib\endorsed"/>
    <property name="os.arch" value="amd64"/>
    <property name="java.io.tmpdir" value="C:\Users\user\AppData\Local\Temp\"/>
    <property name="line.separator" value="&#10;"/>
    <property name="java.vm.specification.vendor" value="Oracle Corporation"/>
    <property name="user.variant" value=""/>
    <property name="os.name" value="Windows 10"/>
    <property name="classworlds.conf" value="C:\Program Files\Maven\apache-maven-3.3.9\bin\m2.conf"/>
    <property name="sun.jnu.encoding" value="Cp1252"/>
    <property name="java.library.path" value="C:\Program Files\Java\jdk1.8.0_121\bin;C:\WINDOWS\Sun\Java\bin;C:\WINDOWS\system32;C:\WINDOWS;C:\ProgramData\Oracle\Java\javapath;C:\Program Files (x86)\Intel\iCLS Client\;C:\Program Files\Intel\iCLS Client\;C:\WINDOWS\system32;C:\WINDOWS;C:\WINDOWS\System32\Wbem;C:\WINDOWS\System32\WindowsPowerShell\v1.0\;C:\Program Files (x86)\Intel\Intel(R) Management Engine Components\DAL;C:\Program Files\Intel\Intel(R) Management Engine Components\DAL;C:\Program Files (x86)\Intel\Intel(R) Management Engine Components\IPT;C:\Program Files\Intel\Intel(R) Management Engine Components\IPT;C:\Program Files\Maven\apache-maven-3.3.9\bin;C:\Program Files\Java\jdk1.8.0_121\bin;C:\Program Files\Java\jre1.8.0_121;C:\Program Files\nodejs\;C:\Program Files\Git\cmd;C:\Program Files\drivers\geckodriver.exe;C:\Users\user\workspace\Project_for_DVLA\src\test\java\Driver_exe\geckodriver.exe;C:\\Program Files\\drivers\\geckodriver.exe;C:\Program Files\Intel\WiFi\bin\;C:\Program Files\Common Files\Intel\WirelessCommon\;C:\Program Files\MySQL\MySQL Utilities 1.6\;C:\Users\user\AppData\Local\Microsoft\WindowsApps\C:\Program Files\Maven\apache-maven-3.3.9C:\Program Files\Java\jdk1.8.0_121\bin;C:\Program Files\Java\jre1.8.0_121;C:\Program Files\Maven\apache-maven-3.3.9\bin;C:\Tomcat\apache-tomcat-9.0.0.M17\bin;C:\Program Files\drivers\chromedriver.exe;C:\Program Files\drivers\IEDriverServer.exe;C:\Users\user\AppData\Roaming\npm;C:\Program Files\drivers\geckodriver.exe;C:\Users\user\workspace\Project_for_DVLA\src\test\java\Driver_exe\geckodriver.exe;C:\Users\user\workspace\Project_for_DVLA\src\test\java\Driver_exe\chromedriver.exe;C:\Users\user\AppData\Local\Microsoft\WindowsApps;;."/>
    <property name="java.specification.name" value="Java Platform API Specification"/>
    <property name="java.class.version" value="52.0"/>
    <property name="sun.management.compiler" value="HotSpot 64-Bit Tiered Compilers"/>
    <property name="os.version" value="10.0"/>
    <property name="user.home" value="C:\Users\user"/>
    <property name="user.timezone" value="Europe/London"/>
    <property name="java.awt.printerjob" value="sun.awt.windows.WPrinterJob"/>
    <property name="java.specification.version" value="1.8"/>
    <property name="file.encoding" value="Cp1252"/>
    <property name="user.name" value="user"/>
    <property name="java.class.path" value="C:\Program Files\Maven\apache-maven-3.3.9\boot\plexus-classworlds-2.5.2.jar"/>
    <property name="java.vm.specification.version" value="1.8"/>
    <property name="sun.arch.data.model" value="64"/>
    <property name="java.home" value="C:\Program Files\Java\jdk1.8.0_121\jre"/>
    <property name="sun.java.command" value="org.codehaus.plexus.classworlds.launcher.Launcher test"/>
    <property name="java.specification.vendor" value="Oracle Corporation"/>
    <property name="user.language" value="en"/>
    <property name="awt.toolkit" value="sun.awt.windows.WToolkit"/>
    <property name="java.vm.info" value="mixed mode"/>
    <property name="java.version" value="1.8.0_121"/>
    <property name="java.ext.dirs" value="C:\Program Files\Java\jdk1.8.0_121\jre\lib\ext;C:\WINDOWS\Sun\Java\lib\ext"/>
    <property name="sun.boot.class.path" value="C:\Program Files\Java\jdk1.8.0_121\jre\lib\resources.jar;C:\Program Files\Java\jdk1.8.0_121\jre\lib\rt.jar;C:\Program Files\Java\jdk1.8.0_121\jre\lib\sunrsasign.jar;C:\Program Files\Java\jdk1.8.0_121\jre\lib\jsse.jar;C:\Program Files\Java\jdk1.8.0_121\jre\lib\jce.jar;C:\Program Files\Java\jdk1.8.0_121\jre\lib\charsets.jar;C:\Program Files\Java\jdk1.8.0_121\jre\lib\jfr.jar;C:\Program Files\Java\jdk1.8.0_121\jre\classes"/>
    <property name="sun.stderr.encoding" value="cp850"/>
    <property name="java.vendor" value="Oracle Corporation"/>
    <property name="maven.home" value="C:\Program Files\Maven\apache-maven-3.3.9"/>
    <property name="file.separator" value="\"/>
    <property name="java.vendor.url.bug" value="http://bugreport.sun.com/bugreport/"/>
    <property name="sun.cpu.endian" value="little"/>
    <property name="sun.io.unicode.encoding" value="UnicodeLittle"/>
    <property name="sun.stdout.encoding" value="cp850"/>
    <property name="sun.desktop" value="windows"/>
    <property name="sun.cpu.isalist" value="amd64"/>
  </properties>
  <testcase name="Given I am on the home page" classname="Scenario: Submit Book your jet form" time="0.002"/>
  <testcase name="When I enter my Username and Password details as below" classname="Scenario: Submit Book your jet form" time="0"/>
  <testcase name="And I click login" classname="Scenario: Submit Book your jet form" time="0"/>
  <testcase name="Then Homepage is displayed" classname="Scenario: Submit Book your jet form" time="0"/>
  <testcase name="Given I click &quot;Book Your Jet&quot; nav bar" classname="Scenario: Submit Book your jet form" time="0"/>
  <testcase name="And I enter &quot;Start Destination&quot;" classname="Scenario: Submit Book your jet form" time="0"/>
  <testcase name="When I enter &quot;End Destination&quot;" classname="Scenario: Submit Book your jet form" time="0"/>
  <testcase name="And I select the timezone" classname="Scenario: Submit Book your jet form" time="0"/>
  <testcase name="And I click submit button" classname="Scenario: Submit Book your jet form" time="0"/>
  <testcase name="Then a book your jet confirmation page is displayed." classname="Scenario: Submit Book your jet form" time="0"/>
  <testcase name="Scenario: Submit Book your jet form" classname="Scenario: Submit Book your jet form" time="1.215"/>
  <testcase name="Given I am on the home page" classname="| montego001 | 12345678 |" time="0"/>
  <testcase name="When I enter my &quot;Username&quot; as &quot;montego001&quot;" classname="| montego001 | 12345678 |" time="0"/>
  <testcase name="And I enter my &quot;Password&quot; as &quot;12345678&quot;" classname="| montego001 | 12345678 |" time="0"/>
  <testcase name="And I click login" classname="| montego001 | 12345678 |" time="0.001"/>
  <testcase name="Then Homepage is displayed" classname="| montego001 | 12345678 |" time="0"/>
  <testcase name="| montego001 | 12345678 |" classname="| montego001 | 12345678 |" time="1.954"/>
  <testcase name="Given I am on the home page" classname="| wegitme | 12345678 |" time="0"/>
  <testcase name="When I enter my &quot;Username&quot; as &quot;wegitme&quot;" classname="| wegitme | 12345678 |" time="0"/>
  <testcase name="And I enter my &quot;Password&quot; as &quot;12345678&quot;" classname="| wegitme | 12345678 |" time="0"/>
  <testcase name="And I click login" classname="| wegitme | 12345678 |" time="0"/>
  <testcase name="Then Homepage is displayed" classname="| wegitme | 12345678 |" time="0"/>
  <testcase name="| wegitme | 12345678 |" classname="| wegitme | 12345678 |" time="0.92"/>
  <testcase name="Given I am on the home page" classname="Scenario: Logout" time="0"/>
  <testcase name="When I enter my Username and Password details as below" classname="Scenario: Logout" time="0"/>
  <testcase name="And I click login" classname="Scenario: Logout" time="0"/>
  <testcase name="Then Homepage is displayed" classname="Scenario: Logout" time="0"/>
  <testcase name="Given I click &quot;logout&quot; link" classname="Scenario: Logout" time="0"/>
  <testcase name="Then I should be on the &quot;Login&quot; page." classname="Scenario: Logout" time="0"/>
  <testcase name="Scenario: Logout" classname="Scenario: Logout" time="1.722"/>
  <testcase name="Given I am on the home page" classname="Scenario: Mouse hover" time="0"/>
  <testcase name="When I enter my Username and Password details as below" classname="Scenario: Mouse hover" time="0"/>
  <testcase name="And I click login" classname="Scenario: Mouse hover" time="0"/>
  <testcase name="Then Homepage is displayed" classname="Scenario: Mouse hover" time="0"/>
  <testcase name="Given I  hover the mouse &quot;On All&quot; nav bar" classname="Scenario: Mouse hover" time="0"/>
  <testcase name="Then &quot;Home&quot; page is displayed" classname="Scenario: Mouse hover" time="0"/>
  <testcase name="Scenario: Mouse hover" classname="Scenario: Mouse hover" time="1.137"/>
  <testcase name="Given I am on the home page" classname="Scenario: Login Datable Examples" time="0"/>
  <testcase name="When I enter my Username and Password details as below" classname="Scenario: Login Datable Examples" time="0"/>
  <testcase name="And I click login" classname="Scenario: Login Datable Examples" time="0"/>
  <testcase name="Then Homepage is displayed" classname="Scenario: Login Datable Examples" time="0"/>
  <testcase name="Scenario: Login Datable Examples" classname="Scenario: Login Datable Examples" time="1.13"/>
  <testcase name="Given I am on the home page" classname="Scenario: Register a user" time="0"/>
  <testcase name="When I click on &quot;Register&quot; button" classname="Scenario: Register a user" time="0"/>
  <testcase name="Then I am on the &quot;Register&quot; page" classname="Scenario: Register a user" time="0"/>
  <testcase name="Given I am on the &quot;Register&quot; page" classname="Scenario: Register a user" time="0"/>
  <testcase name="And I enter my &quot;email&quot; in the &quot;email&quot; field" classname="Scenario: Register a user" time="0"/>
  <testcase name="When I enter my &quot;Username&quot; in the &quot;Username&quot; field" classname="Scenario: Register a user" time="0"/>
  <testcase name="And I enter my &quot;Password&quot; in the &quot;Password&quot; field" classname="Scenario: Register a user" time="0"/>
  <testcase name="And I enter my &quot;Confirm Password&quot; in the &quot;Confirm Password&quot; field" classname="Scenario: Register a user" time="0"/>
  <testcase name="Then I click on &quot;Submit&quot; button" classname="Scenario: Register a user" time="0"/>
  <testcase name="And Homepage is displayed" classname="Scenario: Register a user" time="0"/>
  <testcase name="Scenario: Register a user" classname="Scenario: Register a user" time="0.86"/>
  <testcase name="Given I am on the home page" classname="Scenario: Click all tabs" time="0"/>
  <testcase name="When I enter my Username and Password details as below" classname="Scenario: Click all tabs" time="0"/>
  <testcase name="And I click login" classname="Scenario: Click all tabs" time="0.001"/>
  <testcase name="Then Homepage is displayed" classname="Scenario: Click all tabs" time="0"/>
  <testcase name="Given I click &quot;On All&quot; nav bar" classname="Scenario: Click all tabs" time="0"/>
  <testcase name="Then &quot;Contact Support&quot; page is displayed" classname="Scenario: Click all tabs" time="0"/>
  <testcase name="Scenario: Click all tabs" classname="Scenario: Click all tabs" time="1.117"/>
</testsuite>